<?xml version="1.0" encoding="UTF-8"?>
<!-- Generated by org.testng.reporters.JUnitXMLReporter -->
<testsuite ignored="0" hostname="LAPTOP-PDGPE6DE" failures="1" tests="4" name="Test" time="32.616" errors="0" timestamp="2023-07-05T23:25:31 IST">
  <testcase classname="testcases.TC_001_LoginTest" name="verifyLogin" time="2.084"/>
  <testcase classname="testcases.TC_002_LogoutTest" name="verifyLogout" time="1.975"/>
  <testcase classname="testcases.TC_003_NewCustomerTest" name="navigateToNewCustomer" time="2.582">
    <failure type="java.lang.AssertionError" message="expected [Guru99 Bank New Customer Entry Page] but found [Guru99 Bank Manager HomePage]">
      <![CDATA[java.lang.AssertionError: expected [Guru99 Bank New Customer Entry Page] but found [Guru99 Bank Manager HomePage]
at testcases.TC_003_NewCustomerTest.navigateToNewCustomer(TC_003_NewCustomerTest.java:37)
at java.base/java.util.ArrayList.forEach(ArrayList.java:1511)
... Removed 33 stack frames]]>
    </failure>
  </testcase> <!-- navigateToNewCustomer -->
  <testcase classname="testcases.TC_003_NewCustomerTest" name="verifyNewCustomerFields" time="4.472"/>
</testsuite> <!-- Test -->
