<?xml version="1.0" encoding="UTF-8"?>
<!-- Generated by org.testng.reporters.JUnitXMLReporter -->
<testsuite ignored="0" hostname="LAPTOP-PDGPE6DE" failures="0" tests="4" name="Test" time="26.538" errors="0" timestamp="2023-07-07T14:27:51 IST">
  <testcase classname="testcases.TC_001_LoginTest" name="verifyLogin" time="1.688"/>
  <testcase classname="testcases.TC_002_LogoutTest" name="verifyLogout" time="2.063"/>
  <testcase classname="testcases.TC_003_NewCustomerTest" name="navigateToNewCustomer" time="2.267"/>
  <testcase classname="testcases.TC_003_NewCustomerTest" name="verifyNewCustomerFields" time="2.201"/>
</testsuite> <!-- Test -->
