<?xml version="1.0" encoding="UTF-8"?>
<!-- Generated by org.testng.reporters.JUnitXMLReporter -->
<testsuite ignored="0" hostname="LAPTOP-PDGPE6DE" failures="0" tests="4" name="Test" time="29.761" errors="0" timestamp="2023-07-04T21:16:40 IST">
  <testcase classname="testcases.TC_001_LoginTest" name="verifyLogin" time="1.649"/>
  <testcase classname="testcases.TC_002_LogoutTest" name="verifyLogout" time="2.634"/>
  <testcase classname="testcases.TC_003_NewCustomerTest" name="navigateToNewCustomer" time="2.256"/>
  <testcase classname="testcases.TC_003_NewCustomerTest" name="verifyNewCustomerFields" time="3.224"/>
</testsuite> <!-- Test -->
