<?xml version="1.0" encoding="UTF-8"?>
<testng-results ignored="0" total="4" passed="4" failed="0" skipped="0">
  <reporter-output>
  </reporter-output>
  <suite started-at="2023-07-07T14:27:24 IST" name="Suite" finished-at="2023-07-07T14:27:50 IST" duration-ms="26538">
    <groups>
      <group name="regression">
        <method signature="TC_003_NewCustomerTest.navigateToNewCustomer()[pri:1, instance:testcases.TC_003_NewCustomerTest@2f9f7dcf]" name="navigateToNewCustomer" class="testcases.TC_003_NewCustomerTest"/>
        <method signature="TC_003_NewCustomerTest.verifyNewCustomerFields()[pri:2, instance:testcases.TC_003_NewCustomerTest@2f9f7dcf]" name="verifyNewCustomerFields" class="testcases.TC_003_NewCustomerTest"/>
      </group> <!-- regression -->
    </groups>
    <test started-at="2023-07-07T14:27:24 IST" name="Test" finished-at="2023-07-07T14:27:50 IST" duration-ms="26538">
      <class name="testcases.TC_003_NewCustomerTest">
        <test-method is-config="true" signature="setup(java.lang.String)[pri:0, instance:testcases.TC_003_NewCustomerTest@2f9f7dcf]" started-at="2023-07-07T14:27:40 IST" name="setup" finished-at="2023-07-07T14:27:46 IST" duration-ms="5198" status="PASS">
          <params>
            <param index="0">
              <value>
                <![CDATA[chrome]]>
              </value>
            </param>
          </params>
          <reporter-output>
          </reporter-output>
        </test-method> <!-- setup -->
        <test-method signature="navigateToNewCustomer()[pri:1, instance:testcases.TC_003_NewCustomerTest@2f9f7dcf]" started-at="2023-07-07T14:27:46 IST" name="navigateToNewCustomer" finished-at="2023-07-07T14:27:48 IST" duration-ms="2267" status="PASS">
          <reporter-output>
          </reporter-output>
        </test-method> <!-- navigateToNewCustomer -->
        <test-method signature="verifyNewCustomerFields()[pri:2, instance:testcases.TC_003_NewCustomerTest@2f9f7dcf]" started-at="2023-07-07T14:27:48 IST" name="verifyNewCustomerFields" finished-at="2023-07-07T14:27:50 IST" duration-ms="2201" status="PASS">
          <reporter-output>
          </reporter-output>
        </test-method> <!-- verifyNewCustomerFields -->
        <test-method is-config="true" signature="tearDown()[pri:0, instance:testcases.TC_003_NewCustomerTest@2f9f7dcf]" started-at="2023-07-07T14:27:50 IST" name="tearDown" finished-at="2023-07-07T14:27:50 IST" duration-ms="306" status="PASS">
          <reporter-output>
          </reporter-output>
        </test-method> <!-- tearDown -->
      </class> <!-- testcases.TC_003_NewCustomerTest -->
      <class name="testcases.TC_001_LoginTest">
        <test-method is-config="true" signature="setup(java.lang.String)[pri:0, instance:testcases.TC_001_LoginTest@9597028]" started-at="2023-07-07T14:27:24 IST" name="setup" finished-at="2023-07-07T14:27:31 IST" duration-ms="6699" status="PASS">
          <params>
            <param index="0">
              <value>
                <![CDATA[chrome]]>
              </value>
            </param>
          </params>
          <reporter-output>
          </reporter-output>
        </test-method> <!-- setup -->
        <test-method signature="verifyLogin()[pri:0, instance:testcases.TC_001_LoginTest@9597028]" started-at="2023-07-07T14:27:31 IST" name="verifyLogin" finished-at="2023-07-07T14:27:32 IST" duration-ms="1688" status="PASS">
          <reporter-output>
          </reporter-output>
        </test-method> <!-- verifyLogin -->
        <test-method is-config="true" signature="tearDown()[pri:0, instance:testcases.TC_001_LoginTest@9597028]" started-at="2023-07-07T14:27:33 IST" name="tearDown" finished-at="2023-07-07T14:27:33 IST" duration-ms="256" status="PASS">
          <reporter-output>
          </reporter-output>
        </test-method> <!-- tearDown -->
      </class> <!-- testcases.TC_001_LoginTest -->
      <class name="testcases.TC_002_LogoutTest">
        <test-method is-config="true" signature="setup(java.lang.String)[pri:0, instance:testcases.TC_002_LogoutTest@5b8dfcc1]" started-at="2023-07-07T14:27:33 IST" name="setup" finished-at="2023-07-07T14:27:38 IST" duration-ms="5386" status="PASS">
          <params>
            <param index="0">
              <value>
                <![CDATA[chrome]]>
              </value>
            </param>
          </params>
          <reporter-output>
          </reporter-output>
        </test-method> <!-- setup -->
        <test-method signature="verifyLogout()[pri:0, instance:testcases.TC_002_LogoutTest@5b8dfcc1]" started-at="2023-07-07T14:27:38 IST" name="verifyLogout" finished-at="2023-07-07T14:27:40 IST" duration-ms="2063" status="PASS">
          <reporter-output>
          </reporter-output>
        </test-method> <!-- verifyLogout -->
        <test-method is-config="true" signature="tearDown()[pri:0, instance:testcases.TC_002_LogoutTest@5b8dfcc1]" started-at="2023-07-07T14:27:40 IST" name="tearDown" finished-at="2023-07-07T14:27:40 IST" duration-ms="242" status="PASS">
          <reporter-output>
          </reporter-output>
        </test-method> <!-- tearDown -->
      </class> <!-- testcases.TC_002_LogoutTest -->
    </test> <!-- Test -->
  </suite> <!-- Suite -->
</testng-results>
