<?xml version="1.0" encoding="UTF-8"?>
<testng-results ignored="0" total="4" passed="4" failed="0" skipped="0">
  <reporter-output>
  </reporter-output>
  <suite started-at="2023-07-04T21:16:09 IST" name="Suite" finished-at="2023-07-04T21:16:39 IST" duration-ms="29761">
    <groups>
      <group name="regression">
        <method signature="TC_003_NewCustomerTest.navigateToNewCustomer()[pri:1, instance:testcases.TC_003_NewCustomerTest@4550bb58]" name="navigateToNewCustomer" class="testcases.TC_003_NewCustomerTest"/>
        <method signature="TC_003_NewCustomerTest.verifyNewCustomerFields()[pri:2, instance:testcases.TC_003_NewCustomerTest@4550bb58]" name="verifyNewCustomerFields" class="testcases.TC_003_NewCustomerTest"/>
      </group> <!-- regression -->
    </groups>
    <test started-at="2023-07-04T21:16:09 IST" name="Test" finished-at="2023-07-04T21:16:39 IST" duration-ms="29761">
      <class name="testcases.TC_003_NewCustomerTest">
        <test-method is-config="true" signature="setup(java.lang.String)[pri:0, instance:testcases.TC_003_NewCustomerTest@4550bb58]" started-at="2023-07-04T21:16:28 IST" name="setup" finished-at="2023-07-04T21:16:33 IST" duration-ms="5502" status="PASS">
          <params>
            <param index="0">
              <value>
                <![CDATA[chrome]]>
              </value>
            </param>
          </params>
          <reporter-output>
          </reporter-output>
        </test-method> <!-- setup -->
        <test-method signature="navigateToNewCustomer()[pri:1, instance:testcases.TC_003_NewCustomerTest@4550bb58]" started-at="2023-07-04T21:16:33 IST" name="navigateToNewCustomer" finished-at="2023-07-04T21:16:35 IST" duration-ms="2256" status="PASS">
          <reporter-output>
          </reporter-output>
        </test-method> <!-- navigateToNewCustomer -->
        <test-method signature="verifyNewCustomerFields()[pri:2, instance:testcases.TC_003_NewCustomerTest@4550bb58]" started-at="2023-07-04T21:16:35 IST" name="verifyNewCustomerFields" finished-at="2023-07-04T21:16:38 IST" duration-ms="3224" status="PASS">
          <reporter-output>
          </reporter-output>
        </test-method> <!-- verifyNewCustomerFields -->
        <test-method is-config="true" signature="tearDown()[pri:0, instance:testcases.TC_003_NewCustomerTest@4550bb58]" started-at="2023-07-04T21:16:38 IST" name="tearDown" finished-at="2023-07-04T21:16:39 IST" duration-ms="373" status="PASS">
          <reporter-output>
          </reporter-output>
        </test-method> <!-- tearDown -->
      </class> <!-- testcases.TC_003_NewCustomerTest -->
      <class name="testcases.TC_001_LoginTest">
        <test-method is-config="true" signature="setup(java.lang.String)[pri:0, instance:testcases.TC_001_LoginTest@158d2680]" started-at="2023-07-04T21:16:09 IST" name="setup" finished-at="2023-07-04T21:16:17 IST" duration-ms="7369" status="PASS">
          <params>
            <param index="0">
              <value>
                <![CDATA[chrome]]>
              </value>
            </param>
          </params>
          <reporter-output>
          </reporter-output>
        </test-method> <!-- setup -->
        <test-method signature="verifyLogin()[pri:0, instance:testcases.TC_001_LoginTest@158d2680]" started-at="2023-07-04T21:16:17 IST" name="verifyLogin" finished-at="2023-07-04T21:16:18 IST" duration-ms="1649" status="PASS">
          <reporter-output>
          </reporter-output>
        </test-method> <!-- verifyLogin -->
        <test-method is-config="true" signature="tearDown()[pri:0, instance:testcases.TC_001_LoginTest@158d2680]" started-at="2023-07-04T21:16:18 IST" name="tearDown" finished-at="2023-07-04T21:16:19 IST" duration-ms="248" status="PASS">
          <reporter-output>
          </reporter-output>
        </test-method> <!-- tearDown -->
      </class> <!-- testcases.TC_001_LoginTest -->
      <class name="testcases.TC_002_LogoutTest">
        <test-method is-config="true" signature="setup(java.lang.String)[pri:0, instance:testcases.TC_002_LogoutTest@6adbc9d]" started-at="2023-07-04T21:16:19 IST" name="setup" finished-at="2023-07-04T21:16:25 IST" duration-ms="5878" status="PASS">
          <params>
            <param index="0">
              <value>
                <![CDATA[chrome]]>
              </value>
            </param>
          </params>
          <reporter-output>
          </reporter-output>
        </test-method> <!-- setup -->
        <test-method signature="verifyLogout()[pri:0, instance:testcases.TC_002_LogoutTest@6adbc9d]" started-at="2023-07-04T21:16:25 IST" name="verifyLogout" finished-at="2023-07-04T21:16:27 IST" duration-ms="2634" status="PASS">
          <reporter-output>
          </reporter-output>
        </test-method> <!-- verifyLogout -->
        <test-method is-config="true" signature="tearDown()[pri:0, instance:testcases.TC_002_LogoutTest@6adbc9d]" started-at="2023-07-04T21:16:27 IST" name="tearDown" finished-at="2023-07-04T21:16:28 IST" duration-ms="369" status="PASS">
          <reporter-output>
          </reporter-output>
        </test-method> <!-- tearDown -->
      </class> <!-- testcases.TC_002_LogoutTest -->
    </test> <!-- Test -->
  </suite> <!-- Suite -->
</testng-results>
