<?xml version="1.0" encoding="UTF-8"?>
<testng-results ignored="0" total="4" passed="4" failed="0" skipped="0">
  <reporter-output>
  </reporter-output>
  <suite started-at="2023-07-04T21:06:19 IST" name="Suite" finished-at="2023-07-04T21:06:49 IST" duration-ms="30126">
    <groups>
      <group name="regression">
        <method signature="TC_003_NewCustomerTest.navigateToNewCustomer()[pri:1, instance:testcases.TC_003_NewCustomerTest@7e07db1f]" name="navigateToNewCustomer" class="testcases.TC_003_NewCustomerTest"/>
        <method signature="TC_003_NewCustomerTest.verifyNewCustomerFields()[pri:2, instance:testcases.TC_003_NewCustomerTest@7e07db1f]" name="verifyNewCustomerFields" class="testcases.TC_003_NewCustomerTest"/>
      </group> <!-- regression -->
    </groups>
    <test started-at="2023-07-04T21:06:19 IST" name="Test" finished-at="2023-07-04T21:06:49 IST" duration-ms="30126">
      <class name="testcases.TC_003_NewCustomerTest">
        <test-method is-config="true" signature="setup(java.lang.String)[pri:0, instance:testcases.TC_003_NewCustomerTest@7e07db1f]" started-at="2023-07-04T21:06:40 IST" name="setup" finished-at="2023-07-04T21:06:44 IST" duration-ms="4788" status="PASS">
          <params>
            <param index="0">
              <value>
                <![CDATA[chrome]]>
              </value>
            </param>
          </params>
          <reporter-output>
          </reporter-output>
        </test-method> <!-- setup -->
        <test-method signature="navigateToNewCustomer()[pri:1, instance:testcases.TC_003_NewCustomerTest@7e07db1f]" started-at="2023-07-04T21:06:44 IST" name="navigateToNewCustomer" finished-at="2023-07-04T21:06:46 IST" duration-ms="2012" status="PASS">
          <reporter-output>
          </reporter-output>
        </test-method> <!-- navigateToNewCustomer -->
        <test-method signature="verifyNewCustomerFields()[pri:2, instance:testcases.TC_003_NewCustomerTest@7e07db1f]" started-at="2023-07-04T21:06:46 IST" name="verifyNewCustomerFields" finished-at="2023-07-04T21:06:49 IST" duration-ms="2328" status="PASS">
          <reporter-output>
          </reporter-output>
        </test-method> <!-- verifyNewCustomerFields -->
        <test-method is-config="true" signature="tearDown()[pri:0, instance:testcases.TC_003_NewCustomerTest@7e07db1f]" started-at="2023-07-04T21:06:49 IST" name="tearDown" finished-at="2023-07-04T21:06:49 IST" duration-ms="248" status="PASS">
          <reporter-output>
          </reporter-output>
        </test-method> <!-- tearDown -->
      </class> <!-- testcases.TC_003_NewCustomerTest -->
      <class name="testcases.TC_001_LoginTest">
        <test-method is-config="true" signature="setup(java.lang.String)[pri:0, instance:testcases.TC_001_LoginTest@5158b42f]" started-at="2023-07-04T21:06:19 IST" name="setup" finished-at="2023-07-04T21:06:29 IST" duration-ms="9505" status="PASS">
          <params>
            <param index="0">
              <value>
                <![CDATA[chrome]]>
              </value>
            </param>
          </params>
          <reporter-output>
          </reporter-output>
        </test-method> <!-- setup -->
        <test-method signature="verifyLogin()[pri:0, instance:testcases.TC_001_LoginTest@5158b42f]" started-at="2023-07-04T21:06:29 IST" name="verifyLogin" finished-at="2023-07-04T21:06:31 IST" duration-ms="1850" status="PASS">
          <reporter-output>
          </reporter-output>
        </test-method> <!-- verifyLogin -->
        <test-method is-config="true" signature="tearDown()[pri:0, instance:testcases.TC_001_LoginTest@5158b42f]" started-at="2023-07-04T21:06:31 IST" name="tearDown" finished-at="2023-07-04T21:06:31 IST" duration-ms="324" status="PASS">
          <reporter-output>
          </reporter-output>
        </test-method> <!-- tearDown -->
      </class> <!-- testcases.TC_001_LoginTest -->
      <class name="testcases.TC_002_LogoutTest">
        <test-method is-config="true" signature="setup(java.lang.String)[pri:0, instance:testcases.TC_002_LogoutTest@35cabb2a]" started-at="2023-07-04T21:06:31 IST" name="setup" finished-at="2023-07-04T21:06:36 IST" duration-ms="5628" status="PASS">
          <params>
            <param index="0">
              <value>
                <![CDATA[chrome]]>
              </value>
            </param>
          </params>
          <reporter-output>
          </reporter-output>
        </test-method> <!-- setup -->
        <test-method signature="verifyLogout()[pri:0, instance:testcases.TC_002_LogoutTest@35cabb2a]" started-at="2023-07-04T21:06:36 IST" name="verifyLogout" finished-at="2023-07-04T21:06:39 IST" duration-ms="2807" status="PASS">
          <reporter-output>
          </reporter-output>
        </test-method> <!-- verifyLogout -->
        <test-method is-config="true" signature="tearDown()[pri:0, instance:testcases.TC_002_LogoutTest@35cabb2a]" started-at="2023-07-04T21:06:39 IST" name="tearDown" finished-at="2023-07-04T21:06:40 IST" duration-ms="353" status="PASS">
          <reporter-output>
          </reporter-output>
        </test-method> <!-- tearDown -->
      </class> <!-- testcases.TC_002_LogoutTest -->
    </test> <!-- Test -->
  </suite> <!-- Suite -->
</testng-results>
